Using pre-set license

 COMMAND LINE ARGUMENTS:
/Applications/Unity/Hub/Editor/2020.3.0f1/Unity.app/Contents/MacOS/Unity
-adb2
-batchMode
-noUpm
-name
AssetImportWorker0
-projectPath
/Users/Cubby/iCloud Drive (Archive) - 1/Documents/Living in Code/Personal Projects/Control Change
-logFile
Logs/AssetImportWorker0.log
-srvPort
50587
Successfully changed project path to: /Users/Cubby/iCloud Drive (Archive) - 1/Documents/Living in Code/Personal Projects/Control Change
/Users/Cubby/iCloud Drive (Archive) - 1/Documents/Living in Code/Personal Projects/Control Change
Using Asset Import Pipeline V2.
Refreshing native plugins compatible for Editor in 207.54 ms, found 2 plugins.
Preloading 0 native plugins for Editor in 0.00 ms.
Initialize engine version: 2020.3.0f1 (c7b5465681fb)
[Subsystems] Discovering subsystems at path /Applications/Unity/Hub/Editor/2020.3.0f1/Unity.app/Contents/Resources/UnitySubsystems
[Subsystems] Discovering subsystems at path /Users/Cubby/iCloud Drive (Archive) - 1/Documents/Living in Code/Personal Projects/Control Change/Assets
GfxDevice: creating device client; threaded=0
2021-04-21 10:45:52.507 Unity[15370:798823] Color LCD preferred device: Intel(R) Iris(TM) Graphics 6000 (low power)
2021-04-21 10:45:52.507 Unity[15370:798823] Metal devices available: 1
2021-04-21 10:45:52.507 Unity[15370:798823] 0: Intel(R) Iris(TM) Graphics 6000 (low power)
2021-04-21 10:45:52.507 Unity[15370:798823] Using device Intel(R) Iris(TM) Graphics 6000 (low power)
Initializing Metal device caps: Intel(R) Iris(TM) Graphics 6000
Initialize mono
Mono path[0] = '/Applications/Unity/Hub/Editor/2020.3.0f1/Unity.app/Contents/Managed'
Mono path[1] = '/Applications/Unity/Hub/Editor/2020.3.0f1/Unity.app/Contents/MonoBleedingEdge/lib/mono/unityjit'
Mono config path = '/Applications/Unity/Hub/Editor/2020.3.0f1/Unity.app/Contents/MonoBleedingEdge/etc'
Using monoOptions --debugger-agent=transport=dt_socket,embedding=1,server=y,suspend=n,address=127.0.0.1:56370
Begin MonoManager ReloadAssembly
Registering precompiled unity dll's ...
Register platform support module: /Applications/Unity/Hub/Editor/2020.3.0f1/PlaybackEngines/WebGLSupport/UnityEditor.WebGL.Extensions.dll
Register platform support module: /Applications/Unity/Hub/Editor/2020.3.0f1/Unity.app/Contents/PlaybackEngines/MacStandaloneSupport/UnityEditor.OSXStandalone.Extensions.dll
Register platform support module: /Applications/Unity/Hub/Editor/2020.3.0f1/PlaybackEngines/WindowsStandaloneSupport/UnityEditor.WindowsStandalone.Extensions.dll
Registered in 0.010128 seconds.
Native extension for WindowsStandalone target not found
Native extension for OSXStandalone target not found
Native extension for WebGL target not found
Refreshing native plugins compatible for Editor in 88.32 ms, found 2 plugins.
Preloading 0 native plugins for Editor in 0.00 ms.
Invoked RoslynAnalysisRunner static constructor.
RoslynAnalysisRunner will not be running.
RoslynAnalysisRunner has terminated.
Mono: successfully reloaded assembly
- Completed reload, in 17.571 seconds
Platform modules already initialized, skipping
Registering precompiled user dll's ...
Registered in 0.011420 seconds.
Begin MonoManager ReloadAssembly
Native extension for WindowsStandalone target not found
Native extension for OSXStandalone target not found
Native extension for WebGL target not found
Refreshing native plugins compatible for Editor in 83.12 ms, found 2 plugins.
Preloading 0 native plugins for Editor in 0.00 ms.
Invoked RoslynAnalysisRunner static constructor.
RoslynAnalysisRunner will not be running.
RoslynAnalysisRunner has terminated.
Mono: successfully reloaded assembly
- Completed reload, in  2.276 seconds
Platform modules already initialized, skipping
========================================================================
Worker process is ready to serve import requests
Launching external process: /Applications/Unity/Hub/Editor/2020.3.0f1/Unity.app/Contents/Tools/UnityShaderCompiler
Launched and connected shader compiler UnityShaderCompiler after 0.09 seconds
Refreshing native plugins compatible for Editor in 0.82 ms, found 2 plugins.
Preloading 0 native plugins for Editor in 0.00 ms.
Unloading 1985 Unused Serialized files (Serialized files now loaded: 0)
System memory in use before: 162.9 MB.
System memory in use after: 162.9 MB.

Unloading 24 unused Assets to reduce memory usage. Loaded Objects now: 2428.
Total: 5.234318 ms (FindLiveObjects: 0.694573 ms CreateObjectMapping: 0.209170 ms MarkObjects: 3.992550 ms  DeleteObjects: 0.335595 ms)

========================================================================
Received Import Request.
  path: Assets/Scripts/Sound.cs
  artifactKey: Guid(7a19a16f28fbf4ef2b131fc32feebc9f) Importer(815301076,1909f56bfc062723c751e8b465ee728b)
Start importing Assets/Scripts/Sound.cs using Guid(7a19a16f28fbf4ef2b131fc32feebc9f) Importer(815301076,1909f56bfc062723c751e8b465ee728b)  -> (artifact id: '4c629d909a75593aef15eafdcb4eb9b8') in 1.393346 seconds
  Import took 1.400549 seconds .

========================================================================
Received Prepare
Registering precompiled user dll's ...
Registered in 0.004492 seconds.
Begin MonoManager ReloadAssembly
Native extension for WindowsStandalone target not found
Native extension for OSXStandalone target not found
Native extension for WebGL target not found
Refreshing native plugins compatible for Editor in 0.54 ms, found 2 plugins.
Preloading 0 native plugins for Editor in 0.00 ms.
Invoked RoslynAnalysisRunner static constructor.
RoslynAnalysisRunner will not be running.
RoslynAnalysisRunner has terminated.
Mono: successfully reloaded assembly
- Completed reload, in  5.324 seconds
Platform modules already initialized, skipping
Refreshing native plugins compatible for Editor in 0.88 ms, found 2 plugins.
Preloading 0 native plugins for Editor in 0.00 ms.
Unloading 1940 Unused Serialized files (Serialized files now loaded: 0)
System memory in use before: 164.4 MB.
System memory in use after: 164.4 MB.

Unloading 12 unused Assets to reduce memory usage. Loaded Objects now: 2432.
Total: 18.299635 ms (FindLiveObjects: 3.128140 ms CreateObjectMapping: 0.256733 ms MarkObjects: 14.287070 ms  DeleteObjects: 0.623996 ms)

========================================================================
Received Import Request.
  Time since last request: 234.980441 seconds.
  path: Assets/Scripts/PlayerMovement.cs
  artifactKey: Guid(d00498d43f9d64e7e94a3d40eee0c6d1) Importer(815301076,1909f56bfc062723c751e8b465ee728b)
Start importing Assets/Scripts/PlayerMovement.cs using Guid(d00498d43f9d64e7e94a3d40eee0c6d1) Importer(815301076,1909f56bfc062723c751e8b465ee728b)  -> (artifact id: '6352fa06e5bd533138cf267230a53a92') in 0.050326 seconds
  Import took 0.059568 seconds .

