Using pre-set license

 COMMAND LINE ARGUMENTS:
/Applications/Unity/Hub/Editor/2020.3.0f1/Unity.app/Contents/MacOS/Unity
-adb2
-batchMode
-noUpm
-name
AssetImportWorker0
-projectPath
/Users/Cubby/iCloud Drive (Archive) - 1/Documents/Living in Code/Personal Projects/Control Change
-logFile
Logs/AssetImportWorker0.log
-srvPort
56298
Successfully changed project path to: /Users/Cubby/iCloud Drive (Archive) - 1/Documents/Living in Code/Personal Projects/Control Change
/Users/Cubby/iCloud Drive (Archive) - 1/Documents/Living in Code/Personal Projects/Control Change
Using Asset Import Pipeline V2.
Refreshing native plugins compatible for Editor in 173.23 ms, found 2 plugins.
Preloading 0 native plugins for Editor in 0.00 ms.
Initialize engine version: 2020.3.0f1 (c7b5465681fb)
[Subsystems] Discovering subsystems at path /Applications/Unity/Hub/Editor/2020.3.0f1/Unity.app/Contents/Resources/UnitySubsystems
[Subsystems] Discovering subsystems at path /Users/Cubby/iCloud Drive (Archive) - 1/Documents/Living in Code/Personal Projects/Control Change/Assets
GfxDevice: creating device client; threaded=0
2021-04-20 14:01:47.556 Unity[13010:641140] Color LCD preferred device: Intel(R) Iris(TM) Graphics 6000 (low power)
2021-04-20 14:01:47.556 Unity[13010:641140] Metal devices available: 1
2021-04-20 14:01:47.556 Unity[13010:641140] 0: Intel(R) Iris(TM) Graphics 6000 (low power)
2021-04-20 14:01:47.559 Unity[13010:641140] Using device Intel(R) Iris(TM) Graphics 6000 (low power)
Initializing Metal device caps: Intel(R) Iris(TM) Graphics 6000
Initialize mono
Mono path[0] = '/Applications/Unity/Hub/Editor/2020.3.0f1/Unity.app/Contents/Managed'
Mono path[1] = '/Applications/Unity/Hub/Editor/2020.3.0f1/Unity.app/Contents/MonoBleedingEdge/lib/mono/unityjit'
Mono config path = '/Applications/Unity/Hub/Editor/2020.3.0f1/Unity.app/Contents/MonoBleedingEdge/etc'
Using monoOptions --debugger-agent=transport=dt_socket,embedding=1,server=y,suspend=n,address=127.0.0.1:56010
Begin MonoManager ReloadAssembly
Registering precompiled unity dll's ...
Register platform support module: /Applications/Unity/Hub/Editor/2020.3.0f1/PlaybackEngines/WebGLSupport/UnityEditor.WebGL.Extensions.dll
Register platform support module: /Applications/Unity/Hub/Editor/2020.3.0f1/Unity.app/Contents/PlaybackEngines/MacStandaloneSupport/UnityEditor.OSXStandalone.Extensions.dll
Register platform support module: /Applications/Unity/Hub/Editor/2020.3.0f1/PlaybackEngines/WindowsStandaloneSupport/UnityEditor.WindowsStandalone.Extensions.dll
Registered in 0.002951 seconds.
Native extension for WindowsStandalone target not found
Native extension for OSXStandalone target not found
Native extension for WebGL target not found
Refreshing native plugins compatible for Editor in 59.20 ms, found 2 plugins.
Preloading 0 native plugins for Editor in 0.00 ms.
Invoked RoslynAnalysisRunner static constructor.
RoslynAnalysisRunner will not be running.
RoslynAnalysisRunner has terminated.
Mono: successfully reloaded assembly
- Completed reload, in  7.719 seconds
Platform modules already initialized, skipping
Registering precompiled user dll's ...
Registered in 0.002951 seconds.
Begin MonoManager ReloadAssembly
Native extension for WindowsStandalone target not found
Native extension for OSXStandalone target not found
Native extension for WebGL target not found
Refreshing native plugins compatible for Editor in 65.54 ms, found 2 plugins.
Preloading 0 native plugins for Editor in 0.00 ms.
Invoked RoslynAnalysisRunner static constructor.
RoslynAnalysisRunner will not be running.
RoslynAnalysisRunner has terminated.
Mono: successfully reloaded assembly
- Completed reload, in  2.268 seconds
Platform modules already initialized, skipping
========================================================================
Worker process is ready to serve import requests
Launching external process: /Applications/Unity/Hub/Editor/2020.3.0f1/Unity.app/Contents/Tools/UnityShaderCompiler
Launched and connected shader compiler UnityShaderCompiler after 0.04 seconds
Refreshing native plugins compatible for Editor in 0.98 ms, found 2 plugins.
Preloading 0 native plugins for Editor in 0.00 ms.
Unloading 1985 Unused Serialized files (Serialized files now loaded: 0)
System memory in use before: 162.6 MB.
System memory in use after: 162.5 MB.

Unloading 24 unused Assets to reduce memory usage. Loaded Objects now: 2428.
Total: 5.056063 ms (FindLiveObjects: 1.062313 ms CreateObjectMapping: 0.289640 ms MarkObjects: 3.485728 ms  DeleteObjects: 0.216178 ms)

========================================================================
Received Prepare
Registering precompiled user dll's ...
Registered in 0.003109 seconds.
Begin MonoManager ReloadAssembly
Native extension for WindowsStandalone target not found
Native extension for OSXStandalone target not found
Native extension for WebGL target not found
Refreshing native plugins compatible for Editor in 0.49 ms, found 2 plugins.
Preloading 0 native plugins for Editor in 0.00 ms.
Invoked RoslynAnalysisRunner static constructor.
RoslynAnalysisRunner will not be running.
RoslynAnalysisRunner has terminated.
Mono: successfully reloaded assembly
- Completed reload, in  1.810 seconds
Platform modules already initialized, skipping
Refreshing native plugins compatible for Editor in 0.59 ms, found 2 plugins.
Preloading 0 native plugins for Editor in 0.00 ms.
Unloading 1940 Unused Serialized files (Serialized files now loaded: 0)
System memory in use before: 159.6 MB.
System memory in use after: 159.6 MB.

Unloading 12 unused Assets to reduce memory usage. Loaded Objects now: 2432.
Total: 4.793030 ms (FindLiveObjects: 0.611473 ms CreateObjectMapping: 0.295680 ms MarkObjects: 3.665075 ms  DeleteObjects: 0.214938 ms)

========================================================================
Received Import Request.
  path: Assets/Scripts/AudioManager.cs
  artifactKey: Guid(90d31fc31c1aa4956b6ff5d5bc4f8341) Importer(815301076,1909f56bfc062723c751e8b465ee728b)
Start importing Assets/Scripts/AudioManager.cs using Guid(90d31fc31c1aa4956b6ff5d5bc4f8341) Importer(815301076,1909f56bfc062723c751e8b465ee728b)  -> (artifact id: 'e4dddf5fb23ab7f012fb6464e38687bf') in 1.184766 seconds
  Import took 1.193644 seconds .

========================================================================
Received Prepare
Registering precompiled user dll's ...
Registered in 0.003061 seconds.
Begin MonoManager ReloadAssembly
Native extension for WindowsStandalone target not found
Native extension for OSXStandalone target not found
Native extension for WebGL target not found
Refreshing native plugins compatible for Editor in 0.79 ms, found 2 plugins.
Preloading 0 native plugins for Editor in 0.00 ms.
Invoked RoslynAnalysisRunner static constructor.
RoslynAnalysisRunner will not be running.
RoslynAnalysisRunner has terminated.
Mono: successfully reloaded assembly
- Completed reload, in  1.870 seconds
Platform modules already initialized, skipping
Refreshing native plugins compatible for Editor in 0.94 ms, found 2 plugins.
Preloading 0 native plugins for Editor in 0.00 ms.
Unloading 1940 Unused Serialized files (Serialized files now loaded: 0)
System memory in use before: 164.5 MB.
System memory in use after: 164.5 MB.

Unloading 12 unused Assets to reduce memory usage. Loaded Objects now: 2436.
Total: 4.183898 ms (FindLiveObjects: 0.547640 ms CreateObjectMapping: 0.189775 ms MarkObjects: 3.258591 ms  DeleteObjects: 0.185490 ms)

========================================================================
Received Import Request.
  Time since last request: 454.390476 seconds.
  path: Assets/Scripts/AudioManager.cs
  artifactKey: Guid(90d31fc31c1aa4956b6ff5d5bc4f8341) Importer(815301076,1909f56bfc062723c751e8b465ee728b)
Start importing Assets/Scripts/AudioManager.cs using Guid(90d31fc31c1aa4956b6ff5d5bc4f8341) Importer(815301076,1909f56bfc062723c751e8b465ee728b)  -> (artifact id: 'b803fced2f948bd3543e138d926a324c') in 0.023434 seconds
  Import took 0.036548 seconds .

